{"C:\\Users\\hasan\\OneDrive\\Documents\\strive\\m8\\d7\\strive-m8-d7\\src\\app.js": {"path":"C:\\Users\\hasan\\OneDrive\\Documents\\strive\\m8\\d7\\strive-m8-d7\\src\\app.js","statementMap":{"0":{"start":{"line":5,"column":12},"end":{"line":5,"column":21}},"1":{"start":{"line":7,"column":0},"end":{"line":7,"column":23}},"2":{"start":{"line":8,"column":0},"end":{"line":8,"column":15}},"3":{"start":{"line":10,"column":0},"end":{"line":10,"column":51}},"4":{"start":{"line":10,"column":27},"end":{"line":10,"column":50}},"5":{"start":{"line":12,"column":0},"end":{"line":12,"column":36}}},"fnMap":{"0":{"name":"(anonymous_0)","decl":{"start":{"line":10,"column":13},"end":{"line":10,"column":14}},"loc":{"start":{"line":10,"column":27},"end":{"line":10,"column":50}},"line":10}},"branchMap":{},"s":{"0":2,"1":2,"2":2,"3":2,"4":1,"5":2},"f":{"0":1},"b":{},"_coverageSchema":"1a1c01bbd47fc00a2c39e90264f33305004495a9","hash":"6a25773433ef99a3558b29e5ca52df9c9cf60a4a"}
,"C:\\Users\\hasan\\OneDrive\\Documents\\strive\\m8\\d7\\strive-m8-d7\\src\\products\\index.js": {"path":"C:\\Users\\hasan\\OneDrive\\Documents\\strive\\m8\\d7\\strive-m8-d7\\src\\products\\index.js","statementMap":{"0":{"start":{"line":4,"column":23},"end":{"line":4,"column":31}},"1":{"start":{"line":6,"column":0},"end":{"line":26,"column":2}},"2":{"start":{"line":8,"column":4},"end":{"line":14,"column":5}},"3":{"start":{"line":9,"column":25},"end":{"line":9,"column":51}},"4":{"start":{"line":10,"column":8},"end":{"line":10,"column":26}},"5":{"start":{"line":12,"column":8},"end":{"line":12,"column":26}},"6":{"start":{"line":13,"column":8},"end":{"line":13,"column":27}},"7":{"start":{"line":17,"column":4},"end":{"line":25,"column":5}},"8":{"start":{"line":18,"column":8},"end":{"line":18,"column":99}},"9":{"start":{"line":18,"column":48},"end":{"line":18,"column":99}},"10":{"start":{"line":19,"column":24},"end":{"line":19,"column":51}},"11":{"start":{"line":20,"column":8},"end":{"line":20,"column":28}},"12":{"start":{"line":21,"column":8},"end":{"line":21,"column":37}},"13":{"start":{"line":23,"column":8},"end":{"line":23,"column":26}},"14":{"start":{"line":24,"column":8},"end":{"line":24,"column":27}},"15":{"start":{"line":28,"column":0},"end":{"line":58,"column":2}},"16":{"start":{"line":30,"column":4},"end":{"line":37,"column":5}},"17":{"start":{"line":31,"column":24},"end":{"line":31,"column":67}},"18":{"start":{"line":32,"column":8},"end":{"line":32,"column":51}},"19":{"start":{"line":32,"column":22},"end":{"line":32,"column":51}},"20":{"start":{"line":33,"column":8},"end":{"line":33,"column":25}},"21":{"start":{"line":35,"column":8},"end":{"line":35,"column":26}},"22":{"start":{"line":36,"column":8},"end":{"line":36,"column":27}},"23":{"start":{"line":40,"column":4},"end":{"line":47,"column":5}},"24":{"start":{"line":41,"column":24},"end":{"line":41,"column":122}},"25":{"start":{"line":42,"column":8},"end":{"line":42,"column":48}},"26":{"start":{"line":42,"column":22},"end":{"line":42,"column":48}},"27":{"start":{"line":43,"column":8},"end":{"line":43,"column":25}},"28":{"start":{"line":45,"column":8},"end":{"line":45,"column":26}},"29":{"start":{"line":46,"column":8},"end":{"line":46,"column":27}},"30":{"start":{"line":50,"column":4},"end":{"line":57,"column":5}},"31":{"start":{"line":51,"column":24},"end":{"line":51,"column":76}},"32":{"start":{"line":52,"column":8},"end":{"line":52,"column":48}},"33":{"start":{"line":52,"column":22},"end":{"line":52,"column":48}},"34":{"start":{"line":53,"column":8},"end":{"line":53,"column":27}},"35":{"start":{"line":55,"column":8},"end":{"line":55,"column":26}},"36":{"start":{"line":56,"column":8},"end":{"line":56,"column":27}}},"fnMap":{"0":{"name":"(anonymous_0)","decl":{"start":{"line":7,"column":5},"end":{"line":7,"column":6}},"loc":{"start":{"line":7,"column":25},"end":{"line":15,"column":1}},"line":7},"1":{"name":"(anonymous_1)","decl":{"start":{"line":16,"column":6},"end":{"line":16,"column":7}},"loc":{"start":{"line":16,"column":26},"end":{"line":26,"column":1}},"line":16},"2":{"name":"(anonymous_2)","decl":{"start":{"line":29,"column":5},"end":{"line":29,"column":6}},"loc":{"start":{"line":29,"column":25},"end":{"line":38,"column":1}},"line":29},"3":{"name":"(anonymous_3)","decl":{"start":{"line":39,"column":5},"end":{"line":39,"column":6}},"loc":{"start":{"line":39,"column":24},"end":{"line":48,"column":1}},"line":39},"4":{"name":"(anonymous_4)","decl":{"start":{"line":49,"column":8},"end":{"line":49,"column":9}},"loc":{"start":{"line":49,"column":28},"end":{"line":58,"column":1}},"line":49}},"branchMap":{"0":{"loc":{"start":{"line":18,"column":8},"end":{"line":18,"column":99}},"type":"if","locations":[{"start":{"line":18,"column":8},"end":{"line":18,"column":99}},{"start":{},"end":{}}],"line":18},"1":{"loc":{"start":{"line":18,"column":12},"end":{"line":18,"column":45}},"type":"binary-expr","locations":[{"start":{"line":18,"column":12},"end":{"line":18,"column":26}},{"start":{"line":18,"column":30},"end":{"line":18,"column":45}}],"line":18},"2":{"loc":{"start":{"line":32,"column":8},"end":{"line":32,"column":51}},"type":"if","locations":[{"start":{"line":32,"column":8},"end":{"line":32,"column":51}},{"start":{},"end":{}}],"line":32},"3":{"loc":{"start":{"line":42,"column":8},"end":{"line":42,"column":48}},"type":"if","locations":[{"start":{"line":42,"column":8},"end":{"line":42,"column":48}},{"start":{},"end":{}}],"line":42},"4":{"loc":{"start":{"line":52,"column":8},"end":{"line":52,"column":48}},"type":"if","locations":[{"start":{"line":52,"column":8},"end":{"line":52,"column":48}},{"start":{},"end":{}}],"line":52}},"s":{"0":2,"1":2,"2":1,"3":1,"4":1,"5":0,"6":0,"7":2,"8":2,"9":1,"10":1,"11":1,"12":1,"13":0,"14":0,"15":2,"16":4,"17":4,"18":4,"19":3,"20":1,"21":0,"22":0,"23":1,"24":1,"25":1,"26":0,"27":1,"28":0,"29":0,"30":1,"31":1,"32":1,"33":0,"34":1,"35":0,"36":0},"f":{"0":1,"1":2,"2":4,"3":1,"4":1},"b":{"0":[1,1],"1":[2,2],"2":[3,1],"3":[0,1],"4":[0,1]},"_coverageSchema":"1a1c01bbd47fc00a2c39e90264f33305004495a9","hash":"adbbd3caf99c828b8c8a1ecffae562946e392de5"}
,"C:\\Users\\hasan\\OneDrive\\Documents\\strive\\m8\\d7\\strive-m8-d7\\src\\products\\model.js": {"path":"C:\\Users\\hasan\\OneDrive\\Documents\\strive\\m8\\d7\\strive-m8-d7\\src\\products\\model.js","statementMap":{"0":{"start":{"line":3,"column":26},"end":{"line":3,"column":34}},"1":{"start":{"line":5,"column":22},"end":{"line":8,"column":2}}},"fnMap":{},"branchMap":{},"s":{"0":2,"1":2},"f":{},"b":{},"_coverageSchema":"1a1c01bbd47fc00a2c39e90264f33305004495a9","hash":"1babd852328a72c1e39e3a7f1256945d3b9b9838"}
}
