TN:
SF:src\app.js
FN:10,(anonymous_0)
FNF:1
FNH:1
FNDA:1,(anonymous_0)
DA:5,2
DA:7,2
DA:8,2
DA:10,2
DA:12,2
LF:5
LH:5
BRF:0
BRH:0
end_of_record
TN:
SF:src\products\index.js
FN:7,(anonymous_0)
FN:16,(anonymous_1)
FN:29,(anonymous_2)
FN:39,(anonymous_3)
FN:49,(anonymous_4)
FNF:5
FNH:5
FNDA:1,(anonymous_0)
FNDA:2,(anonymous_1)
FNDA:4,(anonymous_2)
FNDA:1,(anonymous_3)
FNDA:1,(anonymous_4)
DA:4,2
DA:6,2
DA:8,1
DA:9,1
DA:10,1
DA:12,0
DA:13,0
DA:17,2
DA:18,2
DA:19,1
DA:20,1
DA:21,1
DA:23,0
DA:24,0
DA:28,2
DA:30,4
DA:31,4
DA:32,4
DA:33,1
DA:35,0
DA:36,0
DA:40,1
DA:41,1
DA:42,1
DA:43,1
DA:45,0
DA:46,0
DA:50,1
DA:51,1
DA:52,1
DA:53,1
DA:55,0
DA:56,0
LF:33
LH:23
BRDA:18,0,0,1
BRDA:18,0,1,1
BRDA:18,1,0,2
BRDA:18,1,1,2
BRDA:32,2,0,3
BRDA:32,2,1,1
BRDA:42,3,0,0
BRDA:42,3,1,1
BRDA:52,4,0,0
BRDA:52,4,1,1
BRF:10
BRH:8
end_of_record
TN:
SF:src\products\model.js
FNF:0
FNH:0
DA:3,2
DA:5,2
LF:2
LH:2
BRF:0
BRH:0
end_of_record
