TN:
SF:src\app.js
FN:10,(anonymous_0)
FNF:1
FNH:1
FNDA:1,(anonymous_0)
DA:5,2
DA:7,2
DA:8,2
DA:10,2
DA:12,2
LF:5
LH:5
BRF:0
BRH:0
end_of_record
TN:
SF:src\products\index.js
FN:9,(anonymous_0)
FN:18,(anonymous_1)
FN:31,(anonymous_2)
FN:41,(anonymous_3)
FN:51,(anonymous_4)
FNF:5
FNH:5
FNDA:1,(anonymous_0)
FNDA:2,(anonymous_1)
FNDA:4,(anonymous_2)
FNDA:1,(anonymous_3)
FNDA:1,(anonymous_4)
DA:4,2
DA:8,2
DA:10,1
DA:11,1
DA:12,1
DA:14,0
DA:15,0
DA:19,2
DA:20,2
DA:21,1
DA:22,1
DA:23,1
DA:25,0
DA:26,0
DA:30,2
DA:32,4
DA:33,4
DA:34,4
DA:35,1
DA:37,0
DA:38,0
DA:42,1
DA:43,1
DA:44,1
DA:45,1
DA:47,0
DA:48,0
DA:52,1
DA:53,1
DA:54,1
DA:55,1
DA:57,0
DA:58,0
LF:33
LH:23
BRDA:20,0,0,1
BRDA:20,0,1,1
BRDA:20,1,0,2
BRDA:20,1,1,2
BRDA:34,2,0,3
BRDA:34,2,1,1
BRDA:44,3,0,0
BRDA:44,3,1,1
BRDA:54,4,0,0
BRDA:54,4,1,1
BRF:10
BRH:8
end_of_record
TN:
SF:src\products\model.js
FNF:0
FNH:0
DA:3,2
DA:5,2
LF:2
LH:2
BRF:0
BRH:0
end_of_record
